C51 COMPILER V9.56.0.0   MAIN                                                              09/29/2020 22:41:27 PAGE 1   


C51 COMPILER V9.56.0.0, COMPILATION OF MODULE MAIN
OBJECT MODULE PLACED IN .\Objects\main.obj
COMPILER INVOKED BY: D:\BasicSoftware\Keil C\C51\BIN\C51.EXE main.c OPTIMIZE(8,SPEED) BROWSE DEBUG OBJECTEXTEND PRINT(.\
                    -Listings\main.lst) TABS(2) OBJECT(.\Objects\main.obj)

line level    source

   1          #include <REGX52.H>
   2          
   3          sbit LED_PIN = P2^0;
   4          
   5          void Delay_ms(unsigned int t);
   6          
   7          void main()
   8          {
   9   1        while(1)
  10   1        {
  11   2          LED_PIN = !LED_PIN;
  12   2          Delay_ms(500);
  13   2        }
  14   1      }
  15          
  16          void Delay_ms(unsigned int t)
  17          {
  18   1        unsigned int x = 0;
  19   1        t = t*82;
  20   1        while(x < t)
  21   1        {
  22   2          x++;
  23   2        }
  24   1      }


MODULE INFORMATION:   STATIC OVERLAYABLE
   CODE SIZE        =     35    ----
   CONSTANT SIZE    =   ----    ----
   XDATA SIZE       =   ----    ----
   PDATA SIZE       =   ----    ----
   DATA SIZE        =   ----    ----
   IDATA SIZE       =   ----    ----
   BIT SIZE         =   ----    ----
END OF MODULE INFORMATION.


C51 COMPILATION COMPLETE.  0 WARNING(S),  0 ERROR(S)
